This file contains any messages produced by compilers while
running configure, to aid debugging if configure makes a mistake.

It was created by configure, which was
generated by GNU Autoconf 2.71.  Invocation command line was

  $ ./configure --enable-utils

## --------- ##
## Platform. ##
## --------- ##

hostname = zephir-playground-web
uname -m = aarch64
uname -r = 6.6.22-linuxkit
uname -s = Linux
uname -v = #1 SMP Fri Mar 29 12:21:27 UTC 2024

/usr/bin/uname -p = unknown
/bin/uname -X     = unknown

/bin/arch              = aarch64
/usr/bin/arch -k       = unknown
/usr/convex/getsysinfo = unknown
/usr/bin/hostinfo      = unknown
/bin/machine           = unknown
/usr/bin/oslevel       = unknown
/bin/universe          = unknown

PATH: ~/bin/
PATH: /usr/local/sbin/
PATH: /usr/local/bin/
PATH: /usr/sbin/
PATH: /usr/bin/
PATH: /sbin/
PATH: /bin/
PATH: /var/www/html/vendor/bin/
PATH: /var/www/html/bin/
PATH: /var/www/html/vendor/bin/


## ----------- ##
## Core tests. ##
## ----------- ##

configure:2415: looking for aux files: ltmain.sh config.guess config.sub
configure:2428:  trying ./build/
configure:2457:   ./build/ltmain.sh found
configure:2457:   ./build/config.guess found
configure:2457:   ./build/config.sub found
configure:2574: checking for grep that handles long lines and -e
configure:2638: result: /usr/bin/grep
configure:2643: checking for egrep
configure:2711: result: /usr/bin/grep -E
configure:2716: checking for a sed that does not truncate output
configure:2786: result: /usr/bin/sed
configure:2930: checking for pkg-config
configure:2953: found /usr/bin/pkg-config
configure:2965: result: /usr/bin/pkg-config
configure:2990: checking pkg-config is at least version 0.9.0
configure:2993: result: yes
configure:3132: checking for C compiler version
configure:3141: gcc --version >&5
gcc (Debian 12.2.0-14) 12.2.0
Copyright (C) 2022 Free Software Foundation, Inc.
This is free software; see the source for copying conditions.  There is NO
warranty; not even for MERCHANTABILITY or FITNESS FOR A PARTICULAR PURPOSE.

configure:3152: $? = 0
configure:3141: gcc -v >&5
Using built-in specs.
COLLECT_GCC=gcc
COLLECT_LTO_WRAPPER=/usr/lib/gcc/aarch64-linux-gnu/12/lto-wrapper
Target: aarch64-linux-gnu
Configured with: ../src/configure -v --with-pkgversion='Debian 12.2.0-14' --with-bugurl=file:///usr/share/doc/gcc-12/README.Bugs --enable-languages=c,ada,c++,go,d,fortran,objc,obj-c++,m2 --prefix=/usr --with-gcc-major-version-only --program-suffix=-12 --program-prefix=aarch64-linux-gnu- --enable-shared --enable-linker-build-id --libexecdir=/usr/lib --without-included-gettext --enable-threads=posix --libdir=/usr/lib --enable-nls --enable-clocale=gnu --enable-libstdcxx-debug --enable-libstdcxx-time=yes --with-default-libstdcxx-abi=new --enable-gnu-unique-object --disable-libquadmath --disable-libquadmath-support --enable-plugin --enable-default-pie --with-system-zlib --enable-libphobos-checking=release --with-target-system-zlib=auto --enable-objc-gc=auto --enable-multiarch --enable-fix-cortex-a53-843419 --disable-werror --enable-checking=release --build=aarch64-linux-gnu --host=aarch64-linux-gnu --target=aarch64-linux-gnu
Thread model: posix
Supported LTO compression algorithms: zlib zstd
gcc version 12.2.0 (Debian 12.2.0-14) 
configure:3152: $? = 0
configure:3141: gcc -V >&5
gcc: error: unrecognized command-line option '-V'
gcc: fatal error: no input files
compilation terminated.
configure:3152: $? = 1
configure:3141: gcc -qversion >&5
gcc: error: unrecognized command-line option '-qversion'; did you mean '--version'?
gcc: fatal error: no input files
compilation terminated.
configure:3152: $? = 1
configure:3141: gcc -version >&5
gcc: error: unrecognized command-line option '-version'
gcc: fatal error: no input files
compilation terminated.
configure:3152: $? = 1
configure:3172: checking whether the C compiler works
configure:3194: gcc -O2 -fvisibility=hidden -Wparentheses -DZEPHIR_RELEASE=1   conftest.c  >&5
configure:3198: $? = 0
configure:3248: result: yes
configure:3251: checking for C compiler default output file name
configure:3253: result: a.out
configure:3259: checking for suffix of executables
configure:3266: gcc -o conftest -O2 -fvisibility=hidden -Wparentheses -DZEPHIR_RELEASE=1   conftest.c  >&5
configure:3270: $? = 0
configure:3293: result: 
configure:3315: checking whether we are cross compiling
configure:3323: gcc -o conftest -O2 -fvisibility=hidden -Wparentheses -DZEPHIR_RELEASE=1   conftest.c  >&5
configure:3327: $? = 0
configure:3334: ./conftest
configure:3338: $? = 0
configure:3353: result: no
configure:3358: checking for suffix of object files
configure:3381: gcc -c -O2 -fvisibility=hidden -Wparentheses -DZEPHIR_RELEASE=1  conftest.c >&5
configure:3385: $? = 0
configure:3407: result: o
configure:3411: checking whether the compiler supports GNU C
configure:3431: gcc -c -O2 -fvisibility=hidden -Wparentheses -DZEPHIR_RELEASE=1  conftest.c >&5
configure:3431: $? = 0
configure:3441: result: yes
configure:3452: checking whether gcc accepts -g
configure:3473: gcc -c -g  conftest.c >&5
configure:3473: $? = 0
configure:3517: result: yes
configure:3537: checking for gcc option to enable C11 features
configure:3552: gcc  -c -O2 -fvisibility=hidden -Wparentheses -DZEPHIR_RELEASE=1  conftest.c >&5
configure:3552: $? = 0
configure:3570: result: none needed
configure:3686: checking how to run the C preprocessor
configure:3712: gcc -E  conftest.c
configure:3712: $? = 0
configure:3727: gcc -E  conftest.c
conftest.c:9:10: fatal error: ac_nonexistent.h: No such file or directory
    9 | #include <ac_nonexistent.h>
      |          ^~~~~~~~~~~~~~~~~~
compilation terminated.
configure:3727: $? = 1
configure: failed program was:
| /* confdefs.h */
| #define PACKAGE_NAME ""
| #define PACKAGE_TARNAME ""
| #define PACKAGE_VERSION ""
| #define PACKAGE_STRING ""
| #define PACKAGE_BUGREPORT ""
| #define PACKAGE_URL ""
| /* end confdefs.h.  */
| #include <ac_nonexistent.h>
configure:3754: result: gcc -E
configure:3768: gcc -E  conftest.c
configure:3768: $? = 0
configure:3783: gcc -E  conftest.c
conftest.c:9:10: fatal error: ac_nonexistent.h: No such file or directory
    9 | #include <ac_nonexistent.h>
      |          ^~~~~~~~~~~~~~~~~~
compilation terminated.
configure:3783: $? = 1
configure: failed program was:
| /* confdefs.h */
| #define PACKAGE_NAME ""
| #define PACKAGE_TARNAME ""
| #define PACKAGE_VERSION ""
| #define PACKAGE_STRING ""
| #define PACKAGE_BUGREPORT ""
| #define PACKAGE_URL ""
| /* end confdefs.h.  */
| #include <ac_nonexistent.h>
configure:3816: checking for icc
configure:3826: result: no
configure:3840: checking for suncc
configure:3850: result: no
configure:3868: checking for system library directory
configure:3884: result: lib
configure:3891: checking if compiler supports -Wl,-rpath,
configure:3911: gcc -o conftest -O2 -fvisibility=hidden -Wparentheses -DZEPHIR_RELEASE=1   conftest.c -Wl,-rpath,/usr/lib  >&5
configure:3911: $? = 0
configure:3922: result: yes
configure:3977: checking build system type
configure:3992: result: aarch64-unknown-linux-gnu
configure:4012: checking host system type
configure:4026: result: aarch64-unknown-linux-gnu
configure:4046: checking target system type
configure:4060: result: aarch64-unknown-linux-gnu
configure:4164: checking for PHP prefix
configure:4166: result: /usr
configure:4168: checking for PHP includes
configure:4170: result: -I/usr/include/php/20230831 -I/usr/include/php/20230831/main -I/usr/include/php/20230831/TSRM -I/usr/include/php/20230831/Zend -I/usr/include/php/20230831/ext -I/usr/include/php/20230831/ext/date/lib
configure:4172: checking for PHP extension directory
configure:4174: result: /usr/lib/php/20230831
configure:4176: checking for PHP installed headers prefix
configure:4178: result: /usr/include/php/20230831
configure:4181: checking if debug is enabled
configure:4208: result: no
configure:4211: checking if zts is enabled
configure:4238: result: no
configure:4306: checking for gawk
configure:4342: result: no
configure:4306: checking for nawk
configure:4328: found /usr/bin/nawk
configure:4339: result: nawk
configure:4362: checking if nawk is broken
configure:4369: result: no
configure:4382: checking whether to enable utils
configure:4422: result: yes, shared
configure:4813: checking for gcc options needed to detect all undeclared functions
configure:4835: gcc -c -O2 -fvisibility=hidden -Wparentheses -DZEPHIR_RELEASE=1   -I/usr/include/php/20230831 -I/usr/include/php/20230831/main -I/usr/include/php/20230831/TSRM -I/usr/include/php/20230831/Zend -I/usr/include/php/20230831/ext -I/usr/include/php/20230831/ext/date/lib conftest.c >&5
conftest.c: In function 'main':
conftest.c:15:8: error: 'strchr' undeclared (first use in this function)
   15 | (void) strchr;
      |        ^~~~~~
conftest.c:1:1: note: 'strchr' is defined in header '<string.h>'; did you forget to '#include <string.h>'?
    1 | /* confdefs.h */
conftest.c:15:8: note: each undeclared identifier is reported only once for each function it appears in
   15 | (void) strchr;
      |        ^~~~~~
configure:4835: $? = 1
configure: failed program was:
| /* confdefs.h */
| #define PACKAGE_NAME ""
| #define PACKAGE_TARNAME ""
| #define PACKAGE_VERSION ""
| #define PACKAGE_STRING ""
| #define PACKAGE_BUGREPORT ""
| #define PACKAGE_URL ""
| #define HAVE_UTILS 1
| #define COMPILE_DL_UTILS 1
| /* end confdefs.h.  */
| 
| int
| main (void)
| {
| (void) strchr;
|   ;
|   return 0;
| }
configure:4862: gcc -c -O2 -fvisibility=hidden -Wparentheses -DZEPHIR_RELEASE=1   -I/usr/include/php/20230831 -I/usr/include/php/20230831/main -I/usr/include/php/20230831/TSRM -I/usr/include/php/20230831/Zend -I/usr/include/php/20230831/ext -I/usr/include/php/20230831/ext/date/lib conftest.c >&5
configure:4862: $? = 0
configure:4879: result: none needed
configure:4893: checking whether HAVE_BUNDLED_PCRE is declared
configure:4893: gcc -c -O2 -fvisibility=hidden -Wparentheses -DZEPHIR_RELEASE=1   -I/usr/include/php/20230831 -I/usr/include/php/20230831/main -I/usr/include/php/20230831/TSRM -I/usr/include/php/20230831/Zend -I/usr/include/php/20230831/ext -I/usr/include/php/20230831/ext/date/lib conftest.c >&5
conftest.c: In function 'main':
conftest.c:21:10: error: 'HAVE_BUNDLED_PCRE' undeclared (first use in this function)
   21 |   (void) HAVE_BUNDLED_PCRE;
      |          ^~~~~~~~~~~~~~~~~
conftest.c:21:10: note: each undeclared identifier is reported only once for each function it appears in
configure:4893: $? = 1
configure: failed program was:
| /* confdefs.h */
| #define PACKAGE_NAME ""
| #define PACKAGE_TARNAME ""
| #define PACKAGE_VERSION ""
| #define PACKAGE_STRING ""
| #define PACKAGE_BUGREPORT ""
| #define PACKAGE_URL ""
| #define HAVE_UTILS 1
| #define COMPILE_DL_UTILS 1
| /* end confdefs.h.  */
| #include "php_config.h"
| 
| 
| int
| main (void)
| {
| #ifndef HAVE_BUNDLED_PCRE
| #ifdef __cplusplus
|   (void) HAVE_BUNDLED_PCRE;
| #else
|   (void) HAVE_BUNDLED_PCRE;
| #endif
| #endif
| 
|   ;
|   return 0;
| }
configure:4893: result: no
configure:4937: checking whether HAVE_JSON is declared
configure:4937: gcc -c -O2 -fvisibility=hidden -Wparentheses -DZEPHIR_RELEASE=1   -I/usr/include/php/20230831 -I/usr/include/php/20230831/main -I/usr/include/php/20230831/TSRM -I/usr/include/php/20230831/Zend -I/usr/include/php/20230831/ext -I/usr/include/php/20230831/ext/date/lib conftest.c >&5
configure:4937: $? = 0
configure:4937: result: yes
configure:4945: checking for ext/json/php_json.h
configure:4945: gcc -c -O2 -fvisibility=hidden -Wparentheses -DZEPHIR_RELEASE=1  -I/usr/include/php/20230831 -I/usr/include/php/20230831/main -I/usr/include/php/20230831/TSRM -I/usr/include/php/20230831/Zend -I/usr/include/php/20230831/ext -I/usr/include/php/20230831/ext/date/lib conftest.c >&5
configure:4945: $? = 0
configure:4945: result: yes
configure:5064: checking how to print strings
configure:5091: result: printf
configure:5112: checking for a sed that does not truncate output
configure:5182: result: /usr/bin/sed
configure:5200: checking for fgrep
configure:5268: result: /usr/bin/grep -F
configure:5304: checking for ld used by gcc
configure:5372: result: /usr/bin/ld
configure:5379: checking if the linker (/usr/bin/ld) is GNU ld
configure:5395: result: yes
configure:5407: checking for BSD- or MS-compatible name lister (nm)
configure:5462: result: /usr/bin/nm -B
configure:5602: checking the name lister (/usr/bin/nm -B) interface
configure:5610: gcc -c -O2 -fvisibility=hidden -Wparentheses -DZEPHIR_RELEASE=1  conftest.c >&5
configure:5613: /usr/bin/nm -B "conftest.o"
configure:5616: output
0000000000000000 B some_variable
configure:5623: result: BSD nm
configure:5626: checking whether ln -s works
configure:5630: result: yes
configure:5638: checking the maximum length of command line arguments
configure:5770: result: 1572864
configure:5818: checking how to convert aarch64-unknown-linux-gnu file names to aarch64-unknown-linux-gnu format
configure:5859: result: func_convert_file_noop
configure:5866: checking how to convert aarch64-unknown-linux-gnu file names to toolchain format
configure:5887: result: func_convert_file_noop
configure:5894: checking for /usr/bin/ld option to reload object files
configure:5902: result: -r
configure:5981: checking for file
configure:6002: found /usr/bin/file
configure:6013: result: file
configure:6089: checking for objdump
configure:6110: found /usr/bin/objdump
configure:6121: result: objdump
configure:6153: checking how to recognize dependent libraries
configure:6354: result: pass_all
configure:6444: checking for dlltool
configure:6479: result: no
configure:6509: checking how to associate runtime and link libraries
configure:6537: result: printf %s\n
configure:6602: checking for ar
configure:6623: found /usr/bin/ar
configure:6634: result: ar
configure:6687: checking for archiver @FILE support
configure:6705: gcc -c -O2 -fvisibility=hidden -Wparentheses -DZEPHIR_RELEASE=1  conftest.c >&5
configure:6705: $? = 0
configure:6709: ar cr libconftest.a @conftest.lst >&5
configure:6712: $? = 0
configure:6717: ar cr libconftest.a @conftest.lst >&5
ar: conftest.o: No such file or directory
configure:6720: $? = 1
configure:6732: result: @
configure:6795: checking for strip
configure:6816: found /usr/bin/strip
configure:6827: result: strip
configure:6904: checking for ranlib
configure:6925: found /usr/bin/ranlib
configure:6936: result: ranlib
configure:7013: checking for gawk
configure:7045: result: nawk
configure:7085: checking command to parse /usr/bin/nm -B output from gcc object
configure:7239: gcc -c -O2 -fvisibility=hidden -Wparentheses -DZEPHIR_RELEASE=1  conftest.c >&5
configure:7242: $? = 0
configure:7246: /usr/bin/nm -B conftest.o | /usr/bin/sed -n -e 's/^.*[	 ]\([ABCDGIRSTW][ABCDGIRSTW]*\)[	 ][	 ]*\([_A-Za-z][_A-Za-z0-9]*\)$/\1 \2 \2/p' | /usr/bin/sed '/ __gnu_lto/d' > conftest.nm
configure:7312: gcc -o conftest -O2 -fvisibility=hidden -Wparentheses -DZEPHIR_RELEASE=1   conftest.c conftstm.o >&5
configure:7315: $? = 0
configure:7353: result: ok
configure:7400: checking for sysroot
configure:7431: result: no
configure:7438: checking for a working dd
configure:7482: result: /usr/bin/dd
configure:7486: checking how to truncate binary pipes
configure:7502: result: /usr/bin/dd bs=4096 count=1
configure:7839: checking for mt
configure:7874: result: no
configure:7894: checking if : is a manifest tool
configure:7901: : '-?'
configure:7909: result: no
configure:8634: checking for stdio.h
configure:8634: gcc -c -O2 -fvisibility=hidden -Wparentheses -DZEPHIR_RELEASE=1  conftest.c >&5
configure:8634: $? = 0
configure:8634: result: yes
configure:8634: checking for stdlib.h
configure:8634: gcc -c -O2 -fvisibility=hidden -Wparentheses -DZEPHIR_RELEASE=1  conftest.c >&5
configure:8634: $? = 0
configure:8634: result: yes
configure:8634: checking for string.h
configure:8634: gcc -c -O2 -fvisibility=hidden -Wparentheses -DZEPHIR_RELEASE=1  conftest.c >&5
configure:8634: $? = 0
configure:8634: result: yes
configure:8634: checking for inttypes.h
configure:8634: gcc -c -O2 -fvisibility=hidden -Wparentheses -DZEPHIR_RELEASE=1  conftest.c >&5
configure:8634: $? = 0
configure:8634: result: yes
configure:8634: checking for stdint.h
configure:8634: gcc -c -O2 -fvisibility=hidden -Wparentheses -DZEPHIR_RELEASE=1  conftest.c >&5
configure:8634: $? = 0
configure:8634: result: yes
configure:8634: checking for strings.h
configure:8634: gcc -c -O2 -fvisibility=hidden -Wparentheses -DZEPHIR_RELEASE=1  conftest.c >&5
configure:8634: $? = 0
configure:8634: result: yes
configure:8634: checking for sys/stat.h
configure:8634: gcc -c -O2 -fvisibility=hidden -Wparentheses -DZEPHIR_RELEASE=1  conftest.c >&5
configure:8634: $? = 0
configure:8634: result: yes
configure:8634: checking for sys/types.h
configure:8634: gcc -c -O2 -fvisibility=hidden -Wparentheses -DZEPHIR_RELEASE=1  conftest.c >&5
configure:8634: $? = 0
configure:8634: result: yes
configure:8634: checking for unistd.h
configure:8634: gcc -c -O2 -fvisibility=hidden -Wparentheses -DZEPHIR_RELEASE=1  conftest.c >&5
configure:8634: $? = 0
configure:8634: result: yes
configure:8659: checking for dlfcn.h
configure:8659: gcc -c -O2 -fvisibility=hidden -Wparentheses -DZEPHIR_RELEASE=1  conftest.c >&5
configure:8659: $? = 0
configure:8659: result: yes
configure:8918: checking for objdir
configure:8934: result: .libs
configure:9198: checking if gcc supports -fno-rtti -fno-exceptions
configure:9217: gcc -c -O2 -fvisibility=hidden -Wparentheses -DZEPHIR_RELEASE=1  -fno-rtti -fno-exceptions conftest.c >&5
cc1: warning: command-line option '-fno-rtti' is valid for C++/D/ObjC++ but not for C
configure:9221: $? = 0
configure:9234: result: no
configure:9598: checking for gcc option to produce PIC
configure:9606: result: -fPIC -DPIC
configure:9614: checking if gcc PIC flag -fPIC -DPIC works
configure:9633: gcc -c -O2 -fvisibility=hidden -Wparentheses -DZEPHIR_RELEASE=1  -fPIC -DPIC -DPIC conftest.c >&5
configure:9637: $? = 0
configure:9650: result: yes
configure:9679: checking if gcc static flag -static works
configure:9708: result: yes
configure:9723: checking if gcc supports -c -o file.o
configure:9745: gcc -c -O2 -fvisibility=hidden -Wparentheses -DZEPHIR_RELEASE=1  -o out/conftest2.o conftest.c >&5
configure:9749: $? = 0
configure:9771: result: yes
configure:9779: checking if gcc supports -c -o file.o
configure:9827: result: yes
configure:9860: checking whether the gcc linker (/usr/bin/ld) supports shared libraries
configure:11134: result: yes
configure:11171: checking whether -lc should be explicitly linked in
configure:11180: gcc -c -O2 -fvisibility=hidden -Wparentheses -DZEPHIR_RELEASE=1  conftest.c >&5
configure:11183: $? = 0
configure:11198: gcc -shared  -fPIC -DPIC conftest.o  -v -Wl,-soname -Wl,conftest -o conftest 2\>\&1 \| /usr/bin/grep  -lc  \>/dev/null 2\>\&1
configure:11201: $? = 0
configure:11215: result: no
configure:11375: checking dynamic linker characteristics
configure:11957: gcc -o conftest -O2 -fvisibility=hidden -Wparentheses -DZEPHIR_RELEASE=1   -Wl,-rpath -Wl,/foo conftest.c  >&5
configure:11957: $? = 0
configure:12208: result: GNU/Linux ld.so
configure:12330: checking how to hardcode library paths into programs
configure:12355: result: immediate
configure:12907: checking whether stripping libraries is possible
configure:12916: result: yes
configure:12958: checking if libtool supports shared libraries
configure:12960: result: yes
configure:12963: checking whether to build shared libraries
configure:12988: result: yes
configure:12991: checking whether to build static libraries
configure:12995: result: no
configure:13320: patching config.h.in
configure:13331: creating ./config.status

## ---------------------- ##
## Running config.status. ##
## ---------------------- ##

This file was extended by config.status, which was
generated by GNU Autoconf 2.71.  Invocation command line was

  CONFIG_FILES    = 
  CONFIG_HEADERS  = 
  CONFIG_LINKS    = 
  CONFIG_COMMANDS = 
  $ ./config.status 

on zephir-playground-web

config.status:886: creating config.h
config.status:990: executing libtool commands

## ---------------- ##
## Cache variables. ##
## ---------------- ##

ac_cv_build=aarch64-unknown-linux-gnu
ac_cv_c_compiler_gnu=yes
ac_cv_c_undeclared_builtin_options='none needed'
ac_cv_env_CC_set=set
ac_cv_env_CC_value=gcc
ac_cv_env_CFLAGS_set=set
ac_cv_env_CFLAGS_value='-O2 -fvisibility=hidden -Wparentheses -DZEPHIR_RELEASE=1'
ac_cv_env_CPPFLAGS_set=
ac_cv_env_CPPFLAGS_value=
ac_cv_env_CPP_set=
ac_cv_env_CPP_value=
ac_cv_env_LDFLAGS_set=
ac_cv_env_LDFLAGS_value=
ac_cv_env_LIBS_set=
ac_cv_env_LIBS_value=
ac_cv_env_LT_SYS_LIBRARY_PATH_set=
ac_cv_env_LT_SYS_LIBRARY_PATH_value=
ac_cv_env_PKG_CONFIG_LIBDIR_set=
ac_cv_env_PKG_CONFIG_LIBDIR_value=
ac_cv_env_PKG_CONFIG_PATH_set=
ac_cv_env_PKG_CONFIG_PATH_value=
ac_cv_env_PKG_CONFIG_set=
ac_cv_env_PKG_CONFIG_value=
ac_cv_env_build_alias_set=
ac_cv_env_build_alias_value=
ac_cv_env_host_alias_set=
ac_cv_env_host_alias_value=
ac_cv_env_target_alias_set=
ac_cv_env_target_alias_value=
ac_cv_have_decl_HAVE_BUNDLED_PCRE=no
ac_cv_have_decl_HAVE_JSON=yes
ac_cv_header_dlfcn_h=yes
ac_cv_header_ext_json_php_json_h=yes
ac_cv_header_inttypes_h=yes
ac_cv_header_stdint_h=yes
ac_cv_header_stdio_h=yes
ac_cv_header_stdlib_h=yes
ac_cv_header_string_h=yes
ac_cv_header_strings_h=yes
ac_cv_header_sys_stat_h=yes
ac_cv_header_sys_types_h=yes
ac_cv_header_unistd_h=yes
ac_cv_host=aarch64-unknown-linux-gnu
ac_cv_objext=o
ac_cv_path_EGREP='/usr/bin/grep -E'
ac_cv_path_FGREP='/usr/bin/grep -F'
ac_cv_path_GREP=/usr/bin/grep
ac_cv_path_SED=/usr/bin/sed
ac_cv_path_ac_pt_PKG_CONFIG=/usr/bin/pkg-config
ac_cv_path_lt_DD=/usr/bin/dd
ac_cv_prog_AWK=nawk
ac_cv_prog_CPP='gcc -E'
ac_cv_prog_ac_ct_AR=ar
ac_cv_prog_ac_ct_FILECMD=file
ac_cv_prog_ac_ct_OBJDUMP=objdump
ac_cv_prog_ac_ct_RANLIB=ranlib
ac_cv_prog_ac_ct_STRIP=strip
ac_cv_prog_cc_c11=
ac_cv_prog_cc_g=yes
ac_cv_prog_cc_stdc=
ac_cv_target=aarch64-unknown-linux-gnu
lt_cv_ar_at_file=@
lt_cv_archive_cmds_need_lc=no
lt_cv_deplibs_check_method=pass_all
lt_cv_file_magic_cmd='$MAGIC_CMD'
lt_cv_file_magic_test_file=
lt_cv_ld_reload_flag=-r
lt_cv_nm_interface='BSD nm'
lt_cv_objdir=.libs
lt_cv_path_LD=/usr/bin/ld
lt_cv_path_NM='/usr/bin/nm -B'
lt_cv_path_mainfest_tool=no
lt_cv_prog_compiler_c_o=yes
lt_cv_prog_compiler_pic='-fPIC -DPIC'
lt_cv_prog_compiler_pic_works=yes
lt_cv_prog_compiler_rtti_exceptions=no
lt_cv_prog_compiler_static_works=yes
lt_cv_prog_gnu_ld=yes
lt_cv_sharedlib_from_linklib_cmd='printf %s\n'
lt_cv_shlibpath_overrides_runpath=yes
lt_cv_sys_global_symbol_pipe='/usr/bin/sed -n -e '\''s/^.*[	 ]\([ABCDGIRSTW][ABCDGIRSTW]*\)[	 ][	 ]*\([_A-Za-z][_A-Za-z0-9]*\)$/\1 \2 \2/p'\'' | /usr/bin/sed '\''/ __gnu_lto/d'\'''
lt_cv_sys_global_symbol_to_c_name_address='/usr/bin/sed -n -e '\''s/^: \(.*\) .*$/  {"\1", (void *) 0},/p'\'' -e '\''s/^[ABCDGIRSTW][ABCDGIRSTW]* .* \(.*\)$/  {"\1", (void *) \&\1},/p'\'''
lt_cv_sys_global_symbol_to_c_name_address_lib_prefix='/usr/bin/sed -n -e '\''s/^: \(.*\) .*$/  {"\1", (void *) 0},/p'\'' -e '\''s/^[ABCDGIRSTW][ABCDGIRSTW]* .* \(lib.*\)$/  {"\1", (void *) \&\1},/p'\'' -e '\''s/^[ABCDGIRSTW][ABCDGIRSTW]* .* \(.*\)$/  {"lib\1", (void *) \&\1},/p'\'''
lt_cv_sys_global_symbol_to_cdecl='/usr/bin/sed -n -e '\''s/^T .* \(.*\)$/extern int \1();/p'\'' -e '\''s/^[ABCDGIRSTW][ABCDGIRSTW]* .* \(.*\)$/extern char \1;/p'\'''
lt_cv_sys_global_symbol_to_import=
lt_cv_sys_max_cmd_len=1572864
lt_cv_to_host_file_cmd=func_convert_file_noop
lt_cv_to_tool_file_cmd=func_convert_file_noop
lt_cv_truncate_bin='/usr/bin/dd bs=4096 count=1'
php_cv_cc_rpath=yes

## ----------------- ##
## Output variables. ##
## ----------------- ##

AR='ar'
AWK='nawk'
BUILD_CC='gcc'
CC='gcc'
CFLAGS='-O2 -fvisibility=hidden -Wparentheses -DZEPHIR_RELEASE=1'
CONFIGURE_COMMAND=' '\''./configure'\''  '\''--enable-utils'\'''
CONFIGURE_OPTIONS=' '\''--enable-utils'\'''
CPP='gcc -E'
CPPFLAGS=' -DHAVE_CONFIG_H'
DEFS='-DHAVE_CONFIG_H'
DLLTOOL='false'
DSYMUTIL=''
DUMPBIN=''
ECHO_C=''
ECHO_N='-n'
ECHO_T=''
EGREP='/usr/bin/grep -E'
EXEEXT=''
FGREP='/usr/bin/grep -F'
FILECMD='file'
GREP='/usr/bin/grep'
LD='/usr/bin/ld'
LDFLAGS=''
LIBOBJS=''
LIBS=''
LIBTOOL='$(SHELL) $(top_builddir)/libtool'
LIPO=''
LN_S='ln -s'
LTLIBOBJS=''
LT_SYS_LIBRARY_PATH=''
MANIFEST_TOOL=':'
NM='/usr/bin/nm -B'
NMEDIT=''
OBJDUMP='objdump'
OBJEXT='o'
OTOOL64=''
OTOOL=''
PACKAGE_BUGREPORT=''
PACKAGE_NAME=''
PACKAGE_STRING=''
PACKAGE_TARNAME=''
PACKAGE_URL=''
PACKAGE_VERSION=''
PATH_SEPARATOR=':'
PKG_CONFIG='/usr/bin/pkg-config'
PKG_CONFIG_LIBDIR=''
PKG_CONFIG_PATH=''
RANLIB='ranlib'
SED='/usr/bin/sed'
SHELL='/bin/bash'
SHLIB_DL_SUFFIX_NAME='so'
SHLIB_SUFFIX_NAME='so'
STRIP='strip'
ac_ct_AR='ar'
ac_ct_CC=''
ac_ct_DUMPBIN=''
bindir='${exec_prefix}/bin'
build='aarch64-unknown-linux-gnu'
build_alias=''
build_cpu='aarch64'
build_os='linux-gnu'
build_vendor='unknown'
datadir='${datarootdir}'
datarootdir='${prefix}/share'
docdir='${datarootdir}/doc/${PACKAGE}'
dvidir='${docdir}'
exec_prefix='$(prefix)'
host='aarch64-unknown-linux-gnu'
host_alias='aarch64-unknown-linux-gnu'
host_cpu='aarch64'
host_os='linux-gnu'
host_vendor='unknown'
htmldir='${docdir}'
includedir='${prefix}/include'
infodir='${datarootdir}/info'
libdir='${exec_prefix}/lib'
libexecdir='${exec_prefix}/libexec'
localedir='${datarootdir}/locale'
localstatedir='${prefix}/var'
mandir='${datarootdir}/man'
oldincludedir='/usr/include'
pdfdir='${docdir}'
prefix='/usr'
program_transform_name='s,x,x,'
psdir='${docdir}'
runstatedir='${localstatedir}/run'
sbindir='${exec_prefix}/sbin'
sharedstatedir='${prefix}/com'
sysconfdir='${prefix}/etc'
target='aarch64-unknown-linux-gnu'
target_alias=''
target_cpu='aarch64'
target_os='linux-gnu'
target_vendor='unknown'

## ----------- ##
## confdefs.h. ##
## ----------- ##

/* confdefs.h */
#define PACKAGE_NAME ""
#define PACKAGE_TARNAME ""
#define PACKAGE_VERSION ""
#define PACKAGE_STRING ""
#define PACKAGE_BUGREPORT ""
#define PACKAGE_URL ""
#define HAVE_UTILS 1
#define COMPILE_DL_UTILS 1
#define HAVE_EXT_JSON_PHP_JSON_H 1
#define ZEPHIR_USE_PHP_JSON 1
#define HAVE_STDIO_H 1
#define HAVE_STDLIB_H 1
#define HAVE_STRING_H 1
#define HAVE_INTTYPES_H 1
#define HAVE_STDINT_H 1
#define HAVE_STRINGS_H 1
#define HAVE_SYS_STAT_H 1
#define HAVE_SYS_TYPES_H 1
#define HAVE_UNISTD_H 1
#define STDC_HEADERS 1
#define HAVE_DLFCN_H 1
#define LT_OBJDIR ".libs/"

configure: exit 0
